<?xml version="1.0" encoding="UTF-8"?>
<!-- Generated by org.testng.reporters.JUnitXMLReporter -->
<testsuite ignored="0" hostname="LAPTOP-PBC84H5H" failures="0" tests="10" name="Test" time="58.957" errors="0" timestamp="2024-04-01T18:57:45 IST">
  <testcase classname="apiTests.PetTests" name="Pet_Delete" time="5.543"/>
  <testcase classname="apiTests.PetTests" name="Pet_Delete_Error" time="1.602"/>
  <testcase classname="apiTests.PetTests" name="Pet_Get" time="3.18"/>
  <testcase classname="apiTests.PetTests" name="Pet_Get_Error" time="1.358"/>
  <testcase classname="apiTests.PetTests" name="Pet_Get_Status" time="8.468"/>
  <testcase classname="apiTests.PetTests" name="Pet_Post" time="1.537"/>
  <testcase classname="apiTests.PetTests" name="Pet_Post_Error" time="1.428"/>
  <testcase classname="apiTests.PetTests" name="Pet_Post_Image" time="4.386"/>
  <testcase classname="apiTests.PetTests" name="Pet_Post_Update" time="4.2"/>
  <testcase classname="apiTests.PetTests" name="Pet_Put" time="3.043"/>
</testsuite> <!-- Test -->
