<?xml version="1.0" encoding="UTF-8"?>
<testsuite xmlns:xsi="http://www.w3.org/2001/XMLSchema-instance" xsi:noNamespaceSchemaLocation="https://maven.apache.org/surefire/maven-surefire-plugin/xsd/surefire-test-report-3.0.xsd" version="3.0" name="TestSuite" time="59.706" tests="10" errors="0" skipped="0" failures="0">
  <properties>
[...]
</properties>
  <testcase name="Pet_Delete" classname="apiTests.PetTests" time="5.548">
    <system-out><![CDATA[Request method:	POST
Request URI:	https://petstore.swagger.io/v2/pet
Proxy:			<none>
Request params:	<none>
Query params:	<none>
Form params:	<none>
Path params:	<none>
Headers:		Accept=*/*
				Content-Type=application/json
Cookies:		<none>
Multiparts:		<none>
Body:
{
    "category": {
        "name": "Test_Pet_Details1000",
        "id": 78944.0
    },
    "name": "Test_Pet1000",
    "id": 86065,
    "status": "available",
    "tags": [
        {
            "name": "Test_Pet_Details1000",
            "id": 78944.0
        }
    ],
    "photoUrls": [
        "Test_Pet_Details1000"
    ]
}
HTTP/1.1 200 OK
Date: Mon, 01 Apr 2024 13:26:48 GMT
Content-Type: application/json
Transfer-Encoding: chunked
Connection: keep-alive
Access-Control-Allow-Origin: *
Access-Control-Allow-Methods: GET, POST, DELETE, PUT
Access-Control-Allow-Headers: Content-Type, api_key, Authorization
Server: Jetty(9.2.9.v20150224)

{
    "id": 86065,
    "category": {
        "id": 78944,
        "name": "Test_Pet_Details1000"
    },
    "name": "Test_Pet1000",
    "photoUrls": [
        "Test_Pet_Details1000"
    ],
    "tags": [
        {
            "id": 78944,
            "name": "Test_Pet_Details1000"
        }
    ],
    "status": "available"
}
{
    "id": 86065,
    "category": {
        "id": 78944,
        "name": "Test_Pet_Details1000"
    },
    "name": "Test_Pet1000",
    "photoUrls": [
        "Test_Pet_Details1000"
    ],
    "tags": [
        {
            "id": 78944,
            "name": "Test_Pet_Details1000"
        }
    ],
    "status": "available"
}
Request method:	DELETE
Request URI:	https://petstore.swagger.io/v2/pet/86065
Proxy:			<none>
Request params:	<none>
Query params:	<none>
Form params:	<none>
Path params:	<none>
Headers:		Accept=*/*
				Content-Type=application/json
Cookies:		<none>
Multiparts:		<none>
Body:			<none>
HTTP/1.1 200 OK
Date: Mon, 01 Apr 2024 13:26:50 GMT
Content-Type: application/json
Transfer-Encoding: chunked
Connection: keep-alive
Access-Control-Allow-Origin: *
Access-Control-Allow-Methods: GET, POST, DELETE, PUT
Access-Control-Allow-Headers: Content-Type, api_key, Authorization
Server: Jetty(9.2.9.v20150224)

{
    "code": 200,
    "type": "unknown",
    "message": "86065"
}
{
    "code": 200,
    "type": "unknown",
    "message": "86065"
}
]]></system-out>
    <system-err><![CDATA[SLF4J: Failed to load class "org.slf4j.impl.StaticLoggerBinder".
SLF4J: Defaulting to no-operation (NOP) logger implementation
SLF4J: See http://www.slf4j.org/codes.html#StaticLoggerBinder for further details.
]]></system-err>
  </testcase>
  <testcase name="Pet_Delete_Error" classname="apiTests.PetTests" time="1.604">
    <system-out><![CDATA[Request method:	DELETE
Request URI:	https://petstore.swagger.io/v2/pet/0
Proxy:			<none>
Request params:	<none>
Query params:	<none>
Form params:	<none>
Path params:	<none>
Headers:		Accept=*/*
				Content-Type=application/json
Cookies:		<none>
Multiparts:		<none>
Body:			<none>
HTTP/1.1 404 Not Found
Date: Mon, 01 Apr 2024 13:26:51 GMT
Content-Length: 0
Connection: keep-alive
Access-Control-Allow-Origin: *
Access-Control-Allow-Methods: GET, POST, DELETE, PUT
Access-Control-Allow-Headers: Content-Type, api_key, Authorization
Server: Jetty(9.2.9.v20150224)

]]></system-out>
  </testcase>
  <testcase name="Pet_Get" classname="apiTests.PetTests" time="3.19">
    <system-out><![CDATA[Request method:	POST
Request URI:	https://petstore.swagger.io/v2/pet
Proxy:			<none>
Request params:	<none>
Query params:	<none>
Form params:	<none>
Path params:	<none>
Headers:		Accept=*/*
				Content-Type=application/json
Cookies:		<none>
Multiparts:		<none>
Body:
{
    "category": {
        "name": "Test_Pet_Details1000",
        "id": 59515.0
    },
    "name": "Test_Pet1000",
    "id": 89296,
    "status": "available",
    "tags": [
        {
            "name": "Test_Pet_Details1000",
            "id": 59515.0
        }
    ],
    "photoUrls": [
        "Test_Pet_Details1000"
    ]
}
HTTP/1.1 200 OK
Date: Mon, 01 Apr 2024 13:26:53 GMT
Content-Type: application/json
Transfer-Encoding: chunked
Connection: keep-alive
Access-Control-Allow-Origin: *
Access-Control-Allow-Methods: GET, POST, DELETE, PUT
Access-Control-Allow-Headers: Content-Type, api_key, Authorization
Server: Jetty(9.2.9.v20150224)

{
    "id": 89296,
    "category": {
        "id": 59515,
        "name": "Test_Pet_Details1000"
    },
    "name": "Test_Pet1000",
    "photoUrls": [
        "Test_Pet_Details1000"
    ],
    "tags": [
        {
            "id": 59515,
            "name": "Test_Pet_Details1000"
        }
    ],
    "status": "available"
}
{
    "id": 89296,
    "category": {
        "id": 59515,
        "name": "Test_Pet_Details1000"
    },
    "name": "Test_Pet1000",
    "photoUrls": [
        "Test_Pet_Details1000"
    ],
    "tags": [
        {
            "id": 59515,
            "name": "Test_Pet_Details1000"
        }
    ],
    "status": "available"
}
Request method:	GET
Request URI:	https://petstore.swagger.io/v2/pet/89296
Proxy:			<none>
Request params:	<none>
Query params:	<none>
Form params:	<none>
Path params:	<none>
Headers:		Accept=*/*
				Content-Type=application/json
Cookies:		<none>
Multiparts:		<none>
Body:			<none>
HTTP/1.1 200 OK
Date: Mon, 01 Apr 2024 13:26:54 GMT
Content-Type: application/json
Transfer-Encoding: chunked
Connection: keep-alive
Access-Control-Allow-Origin: *
Access-Control-Allow-Methods: GET, POST, DELETE, PUT
Access-Control-Allow-Headers: Content-Type, api_key, Authorization
Server: Jetty(9.2.9.v20150224)

{
    "id": 89296,
    "category": {
        "id": 59515,
        "name": "Test_Pet_Details1000"
    },
    "name": "Test_Pet1000",
    "photoUrls": [
        "Test_Pet_Details1000"
    ],
    "tags": [
        {
            "id": 59515,
            "name": "Test_Pet_Details1000"
        }
    ],
    "status": "available"
}
{
    "id": 89296,
    "category": {
        "id": 59515,
        "name": "Test_Pet_Details1000"
    },
    "name": "Test_Pet1000",
    "photoUrls": [
        "Test_Pet_Details1000"
    ],
    "tags": [
        {
            "id": 59515,
            "name": "Test_Pet_Details1000"
        }
    ],
    "status": "available"
}
]]></system-out>
  </testcase>
  <testcase name="Pet_Get_Error" classname="apiTests.PetTests" time="1.364">
    <system-out><![CDATA[Request method:	DELETE
Request URI:	https://petstore.swagger.io/v2/pet/89296
Proxy:			<none>
Request params:	<none>
Query params:	<none>
Form params:	<none>
Path params:	<none>
Headers:		Accept=*/*
				Content-Type=application/json
Cookies:		<none>
Multiparts:		<none>
Body:			<none>
HTTP/1.1 200 OK
Date: Mon, 01 Apr 2024 13:26:56 GMT
Content-Type: application/json
Transfer-Encoding: chunked
Connection: keep-alive
Access-Control-Allow-Origin: *
Access-Control-Allow-Methods: GET, POST, DELETE, PUT
Access-Control-Allow-Headers: Content-Type, api_key, Authorization
Server: Jetty(9.2.9.v20150224)

{
    "code": 200,
    "type": "unknown",
    "message": "89296"
}
Request method:	GET
Request URI:	https://petstore.swagger.io/v2/pet/0
Proxy:			<none>
Request params:	<none>
Query params:	<none>
Form params:	<none>
Path params:	<none>
Headers:		Accept=*/*
				Content-Type=application/json
Cookies:		<none>
Multiparts:		<none>
Body:			<none>
HTTP/1.1 404 Not Found
Date: Mon, 01 Apr 2024 13:26:57 GMT
Content-Type: application/json
Transfer-Encoding: chunked
Connection: keep-alive
Access-Control-Allow-Origin: *
Access-Control-Allow-Methods: GET, POST, DELETE, PUT
Access-Control-Allow-Headers: Content-Type, api_key, Authorization
Server: Jetty(9.2.9.v20150224)

{
    "code": 1,
    "type": "error",
    "message": "Pet not found"
}
{
    "code": 1,
    "type": "error",
    "message": "Pet not found"
}
]]></system-out>
  </testcase>
  <testcase name="Pet_Get_Status" classname="apiTests.PetTests" time="8.623">
    <system-out><![CDATA[Request method:	DELETE
Request URI:	https://petstore.swagger.io/v2/pet/89296
Proxy:			<none>
Request params:	<none>
Query params:	<none>
Form params:	<none>
Path params:	<none>
Headers:		Accept=*/*
				Content-Type=application/json
Cookies:		<none>
Multiparts:		<none>
Body:			<none>
HTTP/1.1 404 Not Found
Date: Mon, 01 Apr 2024 13:26:59 GMT
Content-Length: 0
Connection: keep-alive
Access-Control-Allow-Origin: *
Access-Control-Allow-Methods: GET, POST, DELETE, PUT
Access-Control-Allow-Headers: Content-Type, api_key, Authorization
Server: Jetty(9.2.9.v20150224)
Request method:	GET
Request URI:	https://petstore.swagger.io/v2/pet/findByStatus?status=available
Proxy:			<none>
Request params:	<none>
Query params:	status=available
Form params:	<none>
Path params:	<none>
Headers:		Accept=*/*
				Content-Type=application/json
Cookies:		<none>
Multiparts:		<none>
Body:			<none>
HTTP/1.1 200 OK
Date: Mon, 01 Apr 2024 13:27:00 GMT
Content-Type: application/json
Transfer-Encoding: chunked
Connection: keep-alive
Access-Control-Allow-Origin: *
Access-Control-Allow-Methods: GET, POST, DELETE, PUT
Access-Control-Allow-Headers: Content-Type, api_key, Authorization
Server: Jetty(9.2.9.v20150224)

[
    {
        "id": 9223372036854599413,
        "category": {
            "id": 100,
            "name": "Dinosaur"
        },
        "name": "Tyrannosaurus",
        "photoUrls": [
            "http://en.wikipedia.org/wiki/Tyrannosaurus#/media/File:Tyrannosaurus_rex_mmartyniuk.png"
        ],
        "tags": [
            {
                "id": 100,
                "name": "reptile"
            },
            {
                "id": 101,
                "name": "dinosaur"
            }
        ],
        "status": "available"
    },
    {
        "id": 9223372036854599414,
        "category": {
            "id": 100,
            "name": "Dinosaur"
        },
        "name": "Tyrannosaurus",
        "photoUrls": [
            "http://en.wikipedia.org/wiki/Tyrannosaurus#/media/File:Tyrannosaurus_rex_mmartyniuk.png"
        ],
        "tags": [
            {
                "id": 100,
                "name": "reptile"
            },
            {
                "id": 101,
                "name": "dinosaur"
            }
        ],
        "status": "available"
    },
    {
        "id": 9223372036854599415,
        "category": {
            "id": 100,
            "name": "Dinosaur"
        },
        "name": "Tyrannosaurus",
        "photoUrls": [
            "http://en.wikipedia.org/wiki/Tyrannosaurus#/media/File:Tyrannosaurus_rex_mmartyniuk.png"
        ],
        "tags": [
            {
                "id": 100,
                "name": "reptile"
            },
            {
                "id": 101,
                "name": "dinosaur"
            }
        ],
        "status": "available"
    },
    {
        "id": 9223372036854599416,
        "category": {
            "id": 100,
            "name": "Dinosaur"
        },
        "name": "Tyrannosaurus",
        "photoUrls": [
            "http://en.wikipedia.org/wiki/Tyrannosaurus#/media/File:Tyrannosaurus_rex_mmartyniuk.png"
        ],
        "tags": [
            {
                "id": 100,
                "name": "reptile"
            },
            {
                "id": 101,
                "name": "dinosaur"
            }
        ],
        "status": "available"
    },
    {
        "id": 9223372036854599417,
        "category": {
            "id": 100,
            "name": "Dinosaur"
        },
        "name": "Tyrannosaurus",
        "photoUrls": [
            "http://en.wikipedia.org/wiki/Tyrannosaurus#/media/File:Tyrannosaurus_rex_mmartyniuk.png"
        ],
        "tags": [
            {
                "id": 100,
                "name": "reptile"
            },
            {
                "id": 101,
                "name": "dinosaur"
            }
        ],
        "status": "available"
    },
    {
        "id": 9223372036854599418,
        "category": {
            "id": 0,
            "name": "string"
        },
        "name": "fish",
        "photoUrls": [
            "string"
        ],
        "tags": [
            {
                "id": 0,
                "name": "string"
            }
        ],
        "status": "available"
    },
    {
        "id": 9223372036854599419,
        "category": {
            "id": 0,
            "name": "string"
        },
        "name": "doggie",
        "photoUrls": [
            "string"
        ],
        "tags": [
            {
                "id": 0,
                "name": "string"
            }
        ],
        "status": "available"
    },
    {
        "id": 9223372036854599420,
        "category": {
            "id": 100,
            "name": "Dinosaur"
        },
        "name": "Tyrannosaurus",
        "photoUrls": [
            "http://en.wikipedia.org/wiki/Tyrannosaurus#/media/File:Tyrannosaurus_rex_mmartyniuk.png"
        ],
        "tags": [
            {
                "id": 100,
                "name": "reptile"
            },
            {
                "id": 101,
                "name": "dinosaur"
            }
        ],
        "status": "available"
    },
    {
        "id": 9223372036854599421,
        "category": {
            "id": 100,
            "name": "Dinosaur"
        },
        "name": "Tyrannosaurus",
        "photoUrls": [
            "http://en.wikipedia.org/wiki/Tyrannosaurus#/media/File:Tyrannosaurus_rex_mmartyniuk.png"
        ],
        "tags": [
            {
                "id": 100,
                "name": "reptile"
            },
            {
                "id": 101,
                "name": "dinosaur"
            }
        ],
        "status": "available"
    },
    {
        "id": 9223372036854599422,
        "category": {
            "id": 100,
            "name": "Dinosaur"
        },
        "name": "Tyrannosaurus",
        "photoUrls": [
            "http://en.wikipedia.org/wiki/Tyrannosaurus#/media/File:Tyrannosaurus_rex_mmartyniuk.png"
        ],
        "tags": [
            {
                "id": 100,
                "name": "reptile"
            },
            {
                "id": 101,
                "name": "dinosaur"
            }
        ],
        "status": "available"
    },
    {
        "id": 9223372036854599423,
        "category": {
            "id": 100,
            "name": "Dinosaur"
        },
        "name": "Tyrannosaurus",
        "photoUrls": [
            "http://en.wikipedia.org/wiki/Tyrannosaurus#/media/File:Tyrannosaurus_rex_mmartyniuk.png"
        ],
        "tags": [
            {
                "id": 100,
                "name": "reptile"
            },
            {
                "id": 101,
                "name": "dinosaur"
            }
        ],
        "status": "available"
    },
    {
        "id": 9223372036854599433,
        "category": {
            "id": 0,
            "name": "string"
        },
        "name": "doggie",
        "photoUrls": [
            "string"
        ],
        "tags": [
            {
                "id": 0,
                "name": "string"
            }
        ],
        "status": "available"
    },
    {
        "id": 9223372036854599434,
        "category": {
            "id": 100,
            "name": "Dinosaur"
        },
        "name": "Tyrannosaurus",
        "photoUrls": [
            "http://en.wikipedia.org/wiki/Tyrannosaurus#/media/File:Tyrannosaurus_rex_mmartyniuk.png"
        ],
        "tags": [
            {
                "id": 100,
                "name": "reptile"
            },
            {
                "id": 101,
                "name": "dinosaur"
            }
        ],
        "status": "available"
    },
    {
        "id": 9223372036854599435,
        "category": {
            "id": 100,
            "name": "Dinosaur"
        },
        "name": "Tyrannosaurus",
        "photoUrls": [
            "http://en.wikipedia.org/wiki/Tyrannosaurus#/media/File:Tyrannosaurus_rex_mmartyniuk.png"
        ],
        "tags": [
            {
                "id": 100,
                "name": "reptile"
            },
            {
                "id": 101,
                "name": "dinosaur"
            }
        ],
        "status": "available"
    },
    {
        "id": 9223372036854599436,
        "category": {
            "id": 100,
            "name": "Dinosaur"
        },
        "name": "Tyrannosaurus",
        "photoUrls": [
            "http://en.wikipedia.org/wiki/Tyrannosaurus#/media/File:Tyrannosaurus_rex_mmartyniuk.png"
        ],
        "tags": [
            {
                "id": 100,
                "name": "reptile"
            },
            {
                "id": 101,
                "name": "dinosaur"
            }
        ],
        "status": "available"
    },
    {
        "id": 9223372036854599439,
        "category": {
            "id": 100,
            "name": "Dinosaur"
        },
        "name": "Tyrannosaurus",
        "photoUrls": [
            "http://en.wikipedia.org/wiki/Tyrannosaurus#/media/File:Tyrannosaurus_rex_mmartyniuk.png"
        ],
        "tags": [
            {
                "id": 100,
                "name": "reptile"
            },
            {
                "id": 101,
                "name": "dinosaur"
            }
        ],
        "status": "available"
    },
    {
        "id": 9223372036854599442,
        "category": {
            "id": 100,
            "name": "Dinosaur"
        },
        "name": "Tyrannosaurus",
        "photoUrls": [
            "http://en.wikipedia.org/wiki/Tyrannosaurus#/media/File:Tyrannosaurus_rex_mmartyniuk.png"
        ],
        "tags": [
            {
                "id": 100,
                "name": "reptile"
            },
            {
                "id": 101,
                "name": "dinosaur"
            }
        ],
        "status": "available"
    },
    {
        "id": 9223372036854599443,
        "category": {
            "id": 100,
            "name": "Dinosaur"
        },
        "name": "Tyrannosaurus",
        "photoUrls": [
            "http://en.wikipedia.org/wiki/Tyrannosaurus#/media/File:Tyrannosaurus_rex_mmartyniuk.png"
        ],
        "tags": [
            {
                "id": 100,
                "name": "reptile"
            },
            {
                "id": 101,
                "name": "dinosaur"
            }
        ],
        "status": "available"
    },
    {
        "id": 9223372036854599444,
        "category": {
            "id": 0,
            "name": "string"
        },
        "name": "doggie",
        "photoUrls": [
            "string"
        ],
        "tags": [
            {
                "id": 0,
                "name": "string"
            }
        ],
        "status": "available"
    },
    {
        "id": 9223372036854599445,
        "category": {
            "id": 0,
            "name": "string"
        },
        "name": "doggie",
        "photoUrls": [
            "string"
        ],
        "tags": [
            {
                "id": 0,
                "name": "string"
            }
        ],
        "status": "available"
    },
    {
        "id": 9223372036854599446,
        "category": {
            "id": 100,
            "name": "Dinosaur"
        },
        "name": "Tyrannosaurus",
        "photoUrls": [
            "http://en.wikipedia.org/wiki/Tyrannosaurus#/media/File:Tyrannosaurus_rex_mmartyniuk.png"
        ],
        "tags": [
            {
                "id": 100,
                "name": "reptile"
            },
            {
                "id": 101,
                "name": "dinosaur"
            }
        ],
        "status": "available"
    },
    {
        "id": 9223372036854599447,
        "category": {
            "id": 100,
            "name": "Dinosaur"
        },
        "name": "Tyrannosaurus",
        "photoUrls": [
            "http://en.wikipedia.org/wiki/Tyrannosaurus#/media/File:Tyrannosaurus_rex_mmartyniuk.png"
        ],
        "tags": [
            {
                "id": 100,
                "name": "reptile"
            },
            {
                "id": 101,
                "name": "dinosaur"
            }
        ],
        "status": "available"
    },
    {
        "id": 9223372036854599448,
        "category": {
            "id": 100,
            "name": "Dinosaur"
        },
        "name": "Tyrannosaurus",
        "photoUrls": [
            "http://en.wikipedia.org/wiki/Tyrannosaurus#/media/File:Tyrannosaurus_rex_mmartyniuk.png"
        ],
        "tags": [
            {
                "id": 100,
                "name": "reptile"
            },
            {
                "id": 101,
                "name": "dinosaur"
            }
        ],
        "status": "available"
    },
    {
        "id": 9223372036854599449,
        "category": {
            "id": 0,
            "name": "string"
        },
        "name": "fish",
        "photoUrls": [
            "string"
        ],
        "tags": [
            {
                "id": 0,
                "name": "string"
            }
        ],
        "status": "available"
    },
    {
        "id": 9223372036854599450,
        "category": {
            "id": 100,
            "name": "Dinosaur"
        },
        "name": "Tyrannosaurus",
        "photoUrls": [
            "http://en.wikipedia.org/wiki/Tyrannosaurus#/media/File:Tyrannosaurus_rex_mmartyniuk.png"
        ],
        "tags": [
            {
                "id": 100,
                "name": "reptile"
            },
            {
                "id": 101,
                "name": "dinosaur"
            }
        ],
        "status": "available"
    },
    {
        "id": 9223372036854599451,
        "category": {
            "id": 0,
            "name": "string"
        },
        "name": "fish",
        "photoUrls": [
            "string"
        ],
        "tags": [
            {
                "id": 0,
                "name": "string"
            }
        ],
        "status": "available"
    },
    {
        "id": 9223372036854599452,
        "category": {
            "id": 100,
            "name": "Dinosaur"
        },
        "name": "Tyrannosaurus",
        "photoUrls": [
            "http://en.wikipedia.org/wiki/Tyrannosaurus#/media/File:Tyrannosaurus_rex_mmartyniuk.png"
        ],
        "tags": [
            {
                "id": 100,
                "name": "reptile"
            },
            {
                "id": 101,
                "name": "dinosaur"
            }
        ],
        "status": "available"
    },
    {
        "id": 9223372036854599455,
        "category": {
            "id": 0,
            "name": "string"
        },
        "name": "Puff",
        "photoUrls": [
            "string"
        ],
        "tags": [
            {
                "id": 0,
                "name": "string"
            }
        ],
        "status": "available"
    },
    {
        "id": 9223372036854599456,
        "category": {
            "id": 0,
            "name": "string"
        },
        "name": "doggie",
        "photoUrls": [
            "string"
        ],
        "tags": [
            {
                "id": 0,
                "name": "string"
            }
        ],
        "status": "available"
    },
    {
        "id": 9223372036854599457,
        "category": {
            "id": 100,
            "name": "Dinosaur"
        },
        "name": "Tyrannosaurus",
        "photoUrls": [
            "http://en.wikipedia.org/wiki/Tyrannosaurus#/media/File:Tyrannosaurus_rex_mmartyniuk.png"
        ],
        "tags": [
            {
                "id": 100,
                "name": "reptile"
            },
            {
                "id": 101,
                "name": "dinosaur"
            }
        ],
        "status": "available"
    },
    {
        "id": 9223372036854599458,
        "category": {
            "id": 100,
            "name": "Dinosaur"
        },
        "name": "Tyrannosaurus",
        "photoUrls": [
            "http://en.wikipedia.org/wiki/Tyrannosaurus#/media/File:Tyrannosaurus_rex_mmartyniuk.png"
        ],
        "tags": [
            {
                "id": 100,
                "name": "reptile"
            },
            {
                "id": 101,
                "name": "dinosaur"
            }
        ],
        "status": "available"
    },
    {
        "id": 9223372036854599459,
        "category": {
            "id": 100,
            "name": "Dinosaur"
        },
        "name": "Tyrannosaurus",
        "photoUrls": [
            "http://en.wikipedia.org/wiki/Tyrannosaurus#/media/File:Tyrannosaurus_rex_mmartyniuk.png"
        ],
        "tags": [
            {
                "id": 100,
                "name": "reptile"
            },
            {
                "id": 101,
                "name": "dinosaur"
            }
        ],
        "status": "available"
    },
    {
        "id": 9223372036854599460,
        "category": {
            "id": 100,
            "name": "Dinosaur"
        },
        "name": "Tyrannosaurus",
        "photoUrls": [
            "http://en.wikipedia.org/wiki/Tyrannosaurus#/media/File:Tyrannosaurus_rex_mmartyniuk.png"
        ],
        "tags": [
            {
                "id": 100,
                "name": "reptile"
            },
            {
                "id": 101,
                "name": "dinosaur"
            }
        ],
        "status": "available"
    },
    {
        "id": 9223372036854599461,
        "category": {
            "id": 100,
            "name": "Dinosaur"
        },
        "name": "Tyrannosaurus",
        "photoUrls": [
            "http://en.wikipedia.org/wiki/Tyrannosaurus#/media/File:Tyrannosaurus_rex_mmartyniuk.png"
        ],
        "tags": [
            {
                "id": 100,
                "name": "reptile"
            },
            {
                "id": 101,
                "name": "dinosaur"
            }
        ],
        "status": "available"
    },
    {
        "id": 9223372036854599462,
        "category": {
            "id": 100,
            "name": "Dinosaur"
        },
        "name": "Tyrannosaurus",
        "photoUrls": [
            "http://en.wikipedia.org/wiki/Tyrannosaurus#/media/File:Tyrannosaurus_rex_mmartyniuk.png"
        ],
        "tags": [
            {
                "id": 100,
                "name": "reptile"
            },
            {
                "id": 101,
                "name": "dinosaur"
            }
        ],
        "status": "available"
    },
    {
        "id": 9223372036854599463,
        "category": {
            "id": 100,
            "name": "Dinosaur"
        },
        "name": "Tyrannosaurus",
        "photoUrls": [
            "http://en.wikipedia.org/wiki/Tyrannosaurus#/media/File:Tyrannosaurus_rex_mmartyniuk.png"
        ],
        "tags": [
            {
                "id": 100,
                "name": "reptile"
            },
            {
                "id": 101,
                "name": "dinosaur"
            }
        ],
        "status": "available"
    },
    {
        "id": 9223372036854599464,
        "category": {
            "id": 100,
            "name": "Dinosaur"
        },
        "name": "Tyrannosaurus",
        "photoUrls": [
            "http://en.wikipedia.org/wiki/Tyrannosaurus#/media/File:Tyrannosaurus_rex_mmartyniuk.png"
        ],
        "tags": [
            {
                "id": 100,
                "name": "reptile"
            },
            {
                "id": 101,
                "name": "dinosaur"
            }
        ],
        "status": "available"
    },
    {
        "id": 9223372036854599465,
        "category": {
            "id": 100,
            "name": "Dinosaur"
        },
        "name": "Tyrannosaurus",
        "photoUrls": [
            "http://en.wikipedia.org/wiki/Tyrannosaurus#/media/File:Tyrannosaurus_rex_mmartyniuk.png"
        ],
        "tags": [
            {
                "id": 100,
                "name": "reptile"
            },
            {
                "id": 101,
                "name": "dinosaur"
            }
        ],
        "status": "available"
    },
    {
        "id": 9223372036854599466,
        "category": {
            "id": 100,
            "name": "Dinosaur"
        },
        "name": "Tyrannosaurus",
        "photoUrls": [
            "http://en.wikipedia.org/wiki/Tyrannosaurus#/media/File:Tyrannosaurus_rex_mmartyniuk.png"
        ],
        "tags": [
            {
                "id": 100,
                "name": "reptile"
            },
            {
                "id": 101,
                "name": "dinosaur"
            }
        ],
        "status": "available"
    },
    {
        "id": 9223372036854599468,
        "category": {
            "id": 100,
            "name": "Dinosaur"
        },
        "name": "Tyrannosaurus",
        "photoUrls": [
            "http://en.wikipedia.org/wiki/Tyrannosaurus#/media/File:Tyrannosaurus_rex_mmartyniuk.png"
        ],
        "tags": [
            {
                "id": 100,
                "name": "reptile"
            },
            {
                "id": 101,
                "name": "dinosaur"
            }
        ],
        "status": "available"
    },
    {
        "id": 9223372036854599469,
        "category": {
            "id": 100,
            "name": "Dinosaur"
        },
        "name": "Tyrannosaurus",
        "photoUrls": [
            "http://en.wikipedia.org/wiki/Tyrannosaurus#/media/File:Tyrannosaurus_rex_mmartyniuk.png"
        ],
        "tags": [
            {
                "id": 100,
                "name": "reptile"
            },
            {
                "id": 101,
                "name": "dinosaur"
            }
        ],
        "status": "available"
    },
    {
        "id": 9223372036854599470,
        "category": {
            "id": 100,
            "name": "Dinosaur"
        },
        "name": "Tyrannosaurus",
        "photoUrls": [
            "http://en.wikipedia.org/wiki/Tyrannosaurus#/media/File:Tyrannosaurus_rex_mmartyniuk.png"
        ],
        "tags": [
            {
                "id": 100,
                "name": "reptile"
            },
            {
                "id": 101,
                "name": "dinosaur"
            }
        ],
        "status": "available"
    },
    {
        "id": 9223372036854599471,
        "category": {
            "id": 100,
            "name": "Dinosaur"
        },
        "name": "Tyrannosaurus",
        "photoUrls": [
            "http://en.wikipedia.org/wiki/Tyrannosaurus#/media/File:Tyrannosaurus_rex_mmartyniuk.png"
        ],
        "tags": [
            {
                "id": 100,
                "name": "reptile"
            },
            {
                "id": 101,
                "name": "dinosaur"
            }
        ],
        "status": "available"
    },
    {
        "id": 9223372036854599472,
        "category": {
            "id": 100,
            "name": "Dinosaur"
        },
        "name": "Tyrannosaurus",
        "photoUrls": [
            "http://en.wikipedia.org/wiki/Tyrannosaurus#/media/File:Tyrannosaurus_rex_mmartyniuk.png"
        ],
        "tags": [
            {
                "id": 100,
                "name": "reptile"
            },
            {
                "id": 101,
                "name": "dinosaur"
            }
        ],
        "status": "available"
    },
    {
        "id": 9223372036854599473,
        "category": {
            "id": 100,
            "name": "Dinosaur"
        },
        "name": "Tyrannosaurus",
        "photoUrls": [
            "http://en.wikipedia.org/wiki/Tyrannosaurus#/media/File:Tyrannosaurus_rex_mmartyniuk.png"
        ],
        "tags": [
            {
                "id": 100,
                "name": "reptile"
            },
            {
                "id": 101,
                "name": "dinosaur"
            }
        ],
        "status": "available"
    },
    {
        "id": 9223372036854599474,
        "category": {
            "id": 100,
            "name": "Dinosaur"
        },
        "name": "Tyrannosaurus",
        "photoUrls": [
            "http://en.wikipedia.org/wiki/Tyrannosaurus#/media/File:Tyrannosaurus_rex_mmartyniuk.png"
        ],
        "tags": [
            {
                "id": 100,
                "name": "reptile"
            },
            {
                "id": 101,
                "name": "dinosaur"
            }
        ],
        "status": "available"
    },
    {
        "id": 9223372036854599475,
        "category": {
            "id": 100,
            "name": "Dinosaur"
        },
        "name": "Tyrannosaurus",
        "photoUrls": [
            "http://en.wikipedia.org/wiki/Tyrannosaurus#/media/File:Tyrannosaurus_rex_mmartyniuk.png"
        ],
        "tags": [
            {
                "id": 100,
                "name": "reptile"
            },
            {
                "id": 101,
                "name": "dinosaur"
            }
        ],
        "status": "available"
    },
    {
        "id": 9223372036854599476,
        "category": {
            "id": 100,
            "name": "Dinosaur"
        },
        "name": "Tyrannosaurus",
        "photoUrls": [
            "http://en.wikipedia.org/wiki/Tyrannosaurus#/media/File:Tyrannosaurus_rex_mmartyniuk.png"
        ],
        "tags": [
            {
                "id": 100,
                "name": "reptile"
            },
            {
                "id": 101,
                "name": "dinosaur"
            }
        ],
        "status": "available"
    },
    {
        "id": 9223372036854599477,
        "category": {
            "id": 100,
            "name": "Dinosaur"
        },
        "name": "Tyrannosaurus",
        "photoUrls": [
            "http://en.wikipedia.org/wiki/Tyrannosaurus#/media/File:Tyrannosaurus_rex_mmartyniuk.png"
        ],
        "tags": [
            {
                "id": 100,
                "name": "reptile"
            },
            {
                "id": 101,
                "name": "dinosaur"
            }
        ],
        "status": "available"
    },
    {
        "id": 9223372036854599478,
        "category": {
            "id": 100,
            "name": "Dinosaur"
        },
        "name": "Tyrannosaurus",
        "photoUrls": [
            "http://en.wikipedia.org/wiki/Tyrannosaurus#/media/File:Tyrannosaurus_rex_mmartyniuk.png"
        ],
        "tags": [
            {
                "id": 100,
                "name": "reptile"
            },
            {
                "id": 101,
                "name": "dinosaur"
            }
        ],
        "status": "available"
    },
    {
        "id": 9223372036854599479,
        "category": {
            "id": 100,
            "name": "Dinosaur"
        },
        "name": "Tyrannosaurus",
        "photoUrls": [
            "http://en.wikipedia.org/wiki/Tyrannosaurus#/media/File:Tyrannosaurus_rex_mmartyniuk.png"
        ],
        "tags": [
            {
                "id": 100,
                "name": "reptile"
            },
            {
                "id": 101,
                "name": "dinosaur"
            }
        ],
        "status": "available"
    },
    {
        "id": 9223372036854599480,
        "category": {
            "id": 100,
            "name": "Dinosaur"
        },
        "name": "Tyrannosaurus",
        "photoUrls": [
            "http://en.wikipedia.org/wiki/Tyrannosaurus#/media/File:Tyrannosaurus_rex_mmartyniuk.png"
        ],
        "tags": [
            {
                "id": 100,
                "name": "reptile"
            },
            {
                "id": 101,
                "name": "dinosaur"
            }
        ],
        "status": "available"
    },
    {
        "id": 9223372036854599481,
        "category": {
            "id": 100,
            "name": "Dinosaur"
        },
        "name": "Tyrannosaurus",
        "photoUrls": [
            "http://en.wikipedia.org/wiki/Tyrannosaurus#/media/File:Tyrannosaurus_rex_mmartyniuk.png"
        ],
        "tags": [
            {
                "id": 100,
                "name": "reptile"
            },
            {
                "id": 101,
                "name": "dinosaur"
            }
        ],
        "status": "available"
    },
    {
        "id": 9223372036854599482,
        "category": {
            "id": 100,
            "name": "Dinosaur"
        },
        "name": "Tyrannosaurus",
        "photoUrls": [
            "http://en.wikipedia.org/wiki/Tyrannosaurus#/media/File:Tyrannosaurus_rex_mmartyniuk.png"
        ],
        "tags": [
            {
                "id": 100,
                "name": "reptile"
            },
            {
                "id": 101,
                "name": "dinosaur"
            }
        ],
        "status": "available"
    },
    {
        "id": 9223372036854599483,
        "category": {
            "id": 0,
            "name": "string"
        },
        "name": "fish",
        "photoUrls": [
            "string"
        ],
        "tags": [
            {
                "id": 0,
                "name": "string"
            }
        ],
        "status": "available"
    },
    {
        "id": 9223372036854599488,
        "category": {
            "id": 0,
            "name": "string"
        },
        "name": "doggie",
        "photoUrls": [
            "string"
        ],
        "tags": [
            {
                "id": 0,
                "name": "string"
            }
        ],
        "status": "available"
    },
    {
        "id": 9223372036854599491,
        "category": {
            "id": 0,
            "name": "string"
        },
        "name": "fish",
        "photoUrls": [
            "string"
        ],
        "tags": [
            {
                "id": 0,
                "name": "string"
            }
        ],
        "status": "available"
    },
    {
        "id": 9223372036854599492,
        "category": {
            "id": 0,
            "name": "string"
        },
        "name": "fish",
        "photoUrls": [
            "string"
        ],
        "tags": [
            {
                "id": 0,
                "name": "string"
            }
        ],
        "status": "available"
    },
    {
        "id": 9223372036854599493,
        "category": {
            "id": 0,
            "name": "string"
        },
        "name": "fish",
        "photoUrls": [
            "string"
        ],
        "tags": [
            {
                "id": 0,
                "name": "string"
            }
        ],
        "status": "available"
    },
    {
        "id": 9223372036854599494,
        "category": {
            "id": 100,
            "name": "Dinosaur"
        },
        "name": "Tyrannosaurus",
        "photoUrls": [
            "http://en.wikipedia.org/wiki/Tyrannosaurus#/media/File:Tyrannosaurus_rex_mmartyniuk.png"
        ],
        "tags": [
            {
                "id": 100,
                "name": "reptile"
            },
            {
                "id": 101,
                "name": "dinosaur"
            }
        ],
        "status": "available"
    },
    {
        "id": 9223372036854599495,
        "category": {
            "id": 100,
            "name": "Dinosaur"
        },
        "name": "Tyrannosaurus",
        "photoUrls": [
            "http://en.wikipedia.org/wiki/Tyrannosaurus#/media/File:Tyrannosaurus_rex_mmartyniuk.png"
        ],
        "tags": [
            {
                "id": 100,
                "name": "reptile"
            },
            {
                "id": 101,
                "name": "dinosaur"
            }
        ],
        "status": "available"
    },
    {
        "id": 9223372036854599496,
        "category": {
            "id": 100,
            "name": "Dinosaur"
        },
        "name": "Tyrannosaurus",
        "photoUrls": [
            "http://en.wikipedia.org/wiki/Tyrannosaurus#/media/File:Tyrannosaurus_rex_mmartyniuk.png"
        ],
        "tags": [
            {
                "id": 100,
                "name": "reptile"
            },
            {
                "id": 101,
                "name": "dinosaur"
            }
        ],
        "status": "available"
    },
    {
        "id": 9223372036854599497,
        "category": {
            "id": 100,
            "name": "Dinosaur"
        },
        "name": "Tyrannosaurus",
        "photoUrls": [
            "http://en.wikipedia.org/wiki/Tyrannosaurus#/media/File:Tyrannosaurus_rex_mmartyniuk.png"
        ],
        "tags": [
            {
                "id": 100,
                "name": "reptile"
            },
            {
                "id": 101,
                "name": "dinosaur"
            }
        ],
        "status": "available"
    },
    {
        "id": 9223372036854599498,
        "category": {
            "id": 100,
            "name": "Dinosaur"
        },
        "name": "Tyrannosaurus",
        "photoUrls": [
            "http://en.wikipedia.org/wiki/Tyrannosaurus#/media/File:Tyrannosaurus_rex_mmartyniuk.png"
        ],
        "tags": [
            {
                "id": 100,
                "name": "reptile"
            },
            {
                "id": 101,
                "name": "dinosaur"
            }
        ],
        "status": "available"
    },
    {
        "id": 9223372036854599513,
        "category": {
            "id": 100,
            "name": "Dinosaur"
        },
        "name": "Tyrannosaurus",
        "photoUrls": [
            "http://en.wikipedia.org/wiki/Tyrannosaurus#/media/File:Tyrannosaurus_rex_mmartyniuk.png"
        ],
        "tags": [
            {
                "id": 100,
                "name": "reptile"
            },
            {
                "id": 101,
                "name": "dinosaur"
            }
        ],
        "status": "available"
    },
    {
        "id": 9223372036854599514,
        "category": {
            "id": 100,
            "name": "Dinosaur"
        },
        "name": "Tyrannosaurus",
        "photoUrls": [
            "http://en.wikipedia.org/wiki/Tyrannosaurus#/media/File:Tyrannosaurus_rex_mmartyniuk.png"
        ],
        "tags": [
            {
                "id": 100,
                "name": "reptile"
            },
            {
                "id": 101,
                "name": "dinosaur"
            }
        ],
        "status": "available"
    },
    {
        "id": 9223372036854599515,
        "category": {
            "id": 100,
            "name": "Dinosaur"
        },
        "name": "Tyrannosaurus",
        "photoUrls": [
            "http://en.wikipedia.org/wiki/Tyrannosaurus#/media/File:Tyrannosaurus_rex_mmartyniuk.png"
        ],
        "tags": [
            {
                "id": 100,
                "name": "reptile"
            },
            {
                "id": 101,
                "name": "dinosaur"
            }
        ],
        "status": "available"
    },
    {
        "id": 9223372036854599516,
        "category": {
            "id": 100,
            "name": "Dinosaur"
        },
        "name": "Tyrannosaurus",
        "photoUrls": [
            "http://en.wikipedia.org/wiki/Tyrannosaurus#/media/File:Tyrannosaurus_rex_mmartyniuk.png"
        ],
        "tags": [
            {
                "id": 100,
                "name": "reptile"
            },
            {
                "id": 101,
                "name": "dinosaur"
            }
        ],
        "status": "available"
    },
    {
        "id": 9223372036854599521,
        "category": {
            "id": 0,
            "name": "string"
        },
        "name": "doggie",
        "photoUrls": [
            "string"
        ],
        "tags": [
            {
                "id": 0,
                "name": "string"
            }
        ],
        "status": "available"
    },
    {
        "id": 9223372036854599522,
        "category": {
            "id": 100,
            "name": "Dinosaur"
        },
        "name": "Tyrannosaurus",
        "photoUrls": [
            "http://en.wikipedia.org/wiki/Tyrannosaurus#/media/File:Tyrannosaurus_rex_mmartyniuk.png"
        ],
        "tags": [
            {
                "id": 100,
                "name": "reptile"
            },
            {
                "id": 101,
                "name": "dinosaur"
            }
        ],
        "status": "available"
    },
    {
        "id": 9223372036854599523,
        "category": {
            "id": 100,
            "name": "Dinosaur"
        },
        "name": "Tyrannosaurus",
        "photoUrls": [
            "http://en.wikipedia.org/wiki/Tyrannosaurus#/media/File:Tyrannosaurus_rex_mmartyniuk.png"
        ],
        "tags": [
            {
                "id": 100,
                "name": "reptile"
            },
            {
                "id": 101,
                "name": "dinosaur"
            }
        ],
        "status": "available"
    },
    {
        "id": 9223372036854599524,
        "category": {
            "id": 100,
            "name": "Dinosaur"
        },
        "name": "Tyrannosaurus",
        "photoUrls": [
            "http://en.wikipedia.org/wiki/Tyrannosaurus#/media/File:Tyrannosaurus_rex_mmartyniuk.png"
        ],
        "tags": [
            {
                "id": 100,
                "name": "reptile"
            },
            {
                "id": 101,
                "name": "dinosaur"
            }
        ],
        "status": "available"
    },
    {
        "id": 9223372036854599525,
        "category": {
            "id": 100,
            "name": "Dinosaur"
        },
        "name": "Tyrannosaurus",
        "photoUrls": [
            "http://en.wikipedia.org/wiki/Tyrannosaurus#/media/File:Tyrannosaurus_rex_mmartyniuk.png"
        ],
        "tags": [
            {
                "id": 100,
                "name": "reptile"
            },
            {
                "id": 101,
                "name": "dinosaur"
            }
        ],
        "status": "available"
    },
    {
        "id": 9223372036854599526,
        "category": {
            "id": 100,
            "name": "Dinosaur"
        },
        "name": "Tyrannosaurus",
        "photoUrls": [
            "http://en.wikipedia.org/wiki/Tyrannosaurus#/media/File:Tyrannosaurus_rex_mmartyniuk.png"
        ],
        "tags": [
            {
                "id": 100,
                "name": "reptile"
            },
            {
                "id": 101,
                "name": "dinosaur"
            }
        ],
        "status": "available"
    },
    {
        "id": 9223372036854599527,
        "category": {
            "id": 100,
            "name": "Dinosaur"
        },
        "name": "Tyrannosaurus",
        "photoUrls": [
            "http://en.wikipedia.org/wiki/Tyrannosaurus#/media/File:Tyrannosaurus_rex_mmartyniuk.png"
        ],
        "tags": [
            {
                "id": 100,
                "name": "reptile"
            },
            {
                "id": 101,
                "name": "dinosaur"
            }
        ],
        "status": "available"
    },
    {
        "id": 9223372036854599532,
        "category": {
            "id": 100,
            "name": "Dinosaur"
        },
        "name": "Tyrannosaurus",
        "photoUrls": [
            "http://en.wikipedia.org/wiki/Tyrannosaurus#/media/File:Tyrannosaurus_rex_mmartyniuk.png"
        ],
        "tags": [
            {
                "id": 100,
                "name": "reptile"
            },
            {
                "id": 101,
                "name": "dinosaur"
            }
        ],
        "status": "available"
    },
    {
        "id": 9223372036854599533,
        "category": {
            "id": 100,
            "name": "Dinosaur"
        },
        "name": "Tyrannosaurus",
        "photoUrls": [
            "http://en.wikipedia.org/wiki/Tyrannosaurus#/media/File:Tyrannosaurus_rex_mmartyniuk.png"
        ],
        "tags": [
            {
                "id": 100,
                "name": "reptile"
            },
            {
                "id": 101,
                "name": "dinosaur"
            }
        ],
        "status": "available"
    },
    {
        "id": 9223372036854599534,
        "category": {
            "id": 100,
            "name": "Dinosaur"
        },
        "name": "Tyrannosaurus",
        "photoUrls": [
            "http://en.wikipedia.org/wiki/Tyrannosaurus#/media/File:Tyrannosaurus_rex_mmartyniuk.png"
        ],
        "tags": [
            {
                "id": 100,
                "name": "reptile"
            },
            {
                "id": 101,
                "name": "dinosaur"
            }
        ],
        "status": "available"
    },
    {
        "id": 9223372036854599535,
        "category": {
            "id": 100,
            "name": "Dinosaur"
        },
        "name": "Tyrannosaurus",
        "photoUrls": [
            "http://en.wikipedia.org/wiki/Tyrannosaurus#/media/File:Tyrannosaurus_rex_mmartyniuk.png"
        ],
        "tags": [
            {
                "id": 100,
                "name": "reptile"
            },
            {
                "id": 101,
                "name": "dinosaur"
            }
        ],
        "status": "available"
    },
    {
        "id": 9223372036854599537,
        "category": {
            "id": 100,
            "name": "Dinosaur"
        },
        "name": "Tyrannosaurus",
        "photoUrls": [
            "http://en.wikipedia.org/wiki/Tyrannosaurus#/media/File:Tyrannosaurus_rex_mmartyniuk.png"
        ],
        "tags": [
            {
                "id": 100,
                "name": "reptile"
            },
            {
                "id": 101,
                "name": "dinosaur"
            }
        ],
        "status": "available"
    },
    {
        "id": 9223372036854599543,
        "category": {
            "id": 100,
            "name": "Dinosaur"
        },
        "name": "Tyrannosaurus",
        "photoUrls": [
            "http://en.wikipedia.org/wiki/Tyrannosaurus#/media/File:Tyrannosaurus_rex_mmartyniuk.png"
        ],
        "tags": [
            {
                "id": 100,
                "name": "reptile"
            },
            {
                "id": 101,
                "name": "dinosaur"
            }
        ],
        "status": "available"
    },
    {
        "id": 9223372036854599544,
        "category": {
            "id": 100,
            "name": "Dinosaur"
        },
        "name": "Tyrannosaurus",
        "photoUrls": [
            "http://en.wikipedia.org/wiki/Tyrannosaurus#/media/File:Tyrannosaurus_rex_mmartyniuk.png"
        ],
        "tags": [
            {
                "id": 100,
                "name": "reptile"
            },
            {
                "id": 101,
                "name": "dinosaur"
            }
        ],
        "status": "available"
    },
    {
        "id": 9223372036854599545,
        "category": {
            "id": 100,
            "name": "Dinosaur"
        },
        "name": "Tyrannosaurus",
        "photoUrls": [
            "http://en.wikipedia.org/wiki/Tyrannosaurus#/media/File:Tyrannosaurus_rex_mmartyniuk.png"
        ],
        "tags": [
            {
                "id": 100,
                "name": "reptile"
            },
            {
                "id": 101,
                "name": "dinosaur"
            }
        ],
        "status": "available"
    },
    {
        "id": 9223372036854599546,
        "category": {
            "id": 100,
            "name": "Dinosaur"
        },
        "name": "Tyrannosaurus",
        "photoUrls": [
            "http://en.wikipedia.org/wiki/Tyrannosaurus#/media/File:Tyrannosaurus_rex_mmartyniuk.png"
        ],
        "tags": [
            {
                "id": 100,
                "name": "reptile"
            },
            {
                "id": 101,
                "name": "dinosaur"
            }
        ],
        "status": "available"
    },
    {
        "id": 9223372036854599550,
        "category": {
            "id": 100,
            "name": "Dinosaur"
        },
        "name": "Tyrannosaurus",
        "photoUrls": [
            "http://en.wikipedia.org/wiki/Tyrannosaurus#/media/File:Tyrannosaurus_rex_mmartyniuk.png"
        ],
        "tags": [
            {
                "id": 100,
                "name": "reptile"
            },
            {
                "id": 101,
                "name": "dinosaur"
            }
        ],
        "status": "available"
    },
    {
        "id": 9223372036854599551,
        "category": {
            "id": 100,
            "name": "Dinosaur"
        },
        "name": "Tyrannosaurus",
        "photoUrls": [
            "http://en.wikipedia.org/wiki/Tyrannosaurus#/media/File:Tyrannosaurus_rex_mmartyniuk.png"
        ],
        "tags": [
            {
                "id": 100,
                "name": "reptile"
            },
            {
                "id": 101,
                "name": "dinosaur"
            }
        ],
        "status": "available"
    },
    {
        "id": 9223372036854599553,
        "category": {
            "id": 100,
            "name": "Dinosaur"
        },
        "name": "Tyrannosaurus",
        "photoUrls": [
            "http://en.wikipedia.org/wiki/Tyrannosaurus#/media/File:Tyrannosaurus_rex_mmartyniuk.png"
        ],
        "tags": [
            {
                "id": 100,
                "name": "reptile"
            },
            {
                "id": 101,
                "name": "dinosaur"
            }
        ],
        "status": "available"
    },
    {
        "id": 9223372036854599558,
        "category": {
            "id": 100,
            "name": "Dinosaur"
        },
        "name": "Tyrannosaurus",
        "photoUrls": [
            "http://en.wikipedia.org/wiki/Tyrannosaurus#/media/File:Tyrannosaurus_rex_mmartyniuk.png"
        ],
        "tags": [
            {
                "id": 100,
                "name": "reptile"
            },
            {
                "id": 101,
                "name": "dinosaur"
            }
        ],
        "status": "available"
    },
    {
        "id": 9223372036854599559,
        "category": {
            "id": 100,
            "name": "Dinosaur"
        },
        "name": "Tyrannosaurus",
        "photoUrls": [
            "http://en.wikipedia.org/wiki/Tyrannosaurus#/media/File:Tyrannosaurus_rex_mmartyniuk.png"
        ],
        "tags": [
            {
                "id": 100,
                "name": "reptile"
            },
            {
                "id": 101,
                "name": "dinosaur"
            }
        ],
        "status": "available"
    },
    {
        "id": 9223372036854599560,
        "category": {
            "id": 100,
            "name": "Dinosaur"
        },
        "name": "Tyrannosaurus",
        "photoUrls": [
            "http://en.wikipedia.org/wiki/Tyrannosaurus#/media/File:Tyrannosaurus_rex_mmartyniuk.png"
        ],
        "tags": [
            {
                "id": 100,
                "name": "reptile"
            },
            {
                "id": 101,
                "name": "dinosaur"
            }
        ],
        "status": "available"
    },
    {
        "id": 9223372036854599563,
        "category": {
            "id": 0,
            "name": "string"
        },
        "name": "asdasdasd",
        "photoUrls": [
            "string"
        ],
        "tags": [
            {
                "id": 0,
                "name": "string"
            }
        ],
        "status": "available"
    },
    {
        "id": 9223372036854599564,
        "category": {
            "id": 100,
            "name": "Dinosaur"
        },
        "name": "Tyrannosaurus",
        "photoUrls": [
            "http://en.wikipedia.org/wiki/Tyrannosaurus#/media/File:Tyrannosaurus_rex_mmartyniuk.png"
        ],
        "tags": [
            {
                "id": 100,
                "name": "reptile"
            },
            {
                "id": 101,
                "name": "dinosaur"
            }
        ],
        "status": "available"
    },
    {
        "id": 9223372036854599565,
        "category": {
            "id": 100,
            "name": "Dinosaur"
        },
        "name": "Tyrannosaurus",
        "photoUrls": [
            "http://en.wikipedia.org/wiki/Tyrannosaurus#/media/File:Tyrannosaurus_rex_mmartyniuk.png"
        ],
        "tags": [
            {
                "id": 100,
                "name": "reptile"
            },
            {
                "id": 101,
                "name": "dinosaur"
            }
        ],
        "status": "available"
    },
    {
        "id": 9223372036854599566,
        "category": {
            "id": 100,
            "name": "Dinosaur"
        },
        "name": "Tyrannosaurus",
        "photoUrls": [
            "http://en.wikipedia.org/wiki/Tyrannosaurus#/media/File:Tyrannosaurus_rex_mmartyniuk.png"
        ],
        "tags": [
            {
                "id": 100,
                "name": "reptile"
            },
            {
                "id": 101,
                "name": "dinosaur"
            }
        ],
        "status": "available"
    },
    {
        "id": 9223372036854599567,
        "category": {
            "id": 100,
            "name": "Dinosaur"
        },
        "name": "Tyrannosaurus",
        "photoUrls": [
            "http://en.wikipedia.org/wiki/Tyrannosaurus#/media/File:Tyrannosaurus_rex_mmartyniuk.png"
        ],
        "tags": [
            {
                "id": 100,
                "name": "reptile"
            },
            {
                "id": 101,
                "name": "dinosaur"
            }
        ],
        "status": "available"
    },
    {
        "id": 9223372036854599568,
        "category": {
            "id": 100,
            "name": "Dinosaur"
        },
        "name": "Tyrannosaurus",
        "photoUrls": [
            "http://en.wikipedia.org/wiki/Tyrannosaurus#/media/File:Tyrannosaurus_rex_mmartyniuk.png"
        ],
        "tags": [
            {
                "id": 100,
                "name": "reptile"
            },
            {
                "id": 101,
                "name": "dinosaur"
            }
        ],
        "status": "available"
    },
    {
        "id": 9223372036854599572,
        "category": {
            "id": 100,
            "name": "Dinosaur"
        },
        "name": "Tyrannosaurus",
        "photoUrls": [
            "http://en.wikipedia.org/wiki/Tyrannosaurus#/media/File:Tyrannosaurus_rex_mmartyniuk.png"
        ],
        "tags": [
            {
                "id": 100,
                "name": "reptile"
            },
            {
                "id": 101,
                "name": "dinosaur"
            }
        ],
        "status": "available"
    },
    {
        "id": 9223372036854599573,
        "category": {
            "id": 100,
            "name": "Dinosaur"
        },
        "name": "Tyrannosaurus",
        "photoUrls": [
            "http://en.wikipedia.org/wiki/Tyrannosaurus#/media/File:Tyrannosaurus_rex_mmartyniuk.png"
        ],
        "tags": [
            {
                "id": 100,
                "name": "reptile"
            },
            {
                "id": 101,
                "name": "dinosaur"
            }
        ],
        "status": "available"
    },
    {
        "id": 9223372036854599577,
        "category": {
            "id": 0,
            "name": "string"
        },
        "name": "doggie",
        "photoUrls": [
            "string"
        ],
        "tags": [
            {
                "id": 0,
                "name": "string"
            }
        ],
        "status": "available"
    },
    {
        "id": 9223372036854599578,
        "category": {
            "id": 0,
            "name": "string"
        },
        "name": "doggie",
        "photoUrls": [
            "string"
        ],
        "tags": [
            {
                "id": 0,
                "name": "string"
            }
        ],
        "status": "available"
    },
    {
        "id": 9223372036854599579,
        "category": {
            "id": 0,
            "name": "string"
        },
        "name": "fish",
        "photoUrls": [
            "string"
        ],
        "tags": [
            {
                "id": 0,
                "name": "string"
            }
        ],
        "status": "available"
    },
    {
        "id": 9223372036854599582,
        "category": {
            "id": 0,
            "name": "string"
        },
        "name": "fish",
        "photoUrls": [
            "string"
        ],
        "tags": [
            {
                "id": 0,
                "name": "string"
            }
        ],
        "status": "available"
    },
    {
        "id": 9223372036854599583,
        "category": {
            "id": 0,
            "name": "string"
        },
        "name": "Puff",
        "photoUrls": [
            "string"
        ],
        "tags": [
            {
                "id": 0,
                "name": "string"
            }
        ],
        "status": "available"
    },
    {
        "id": 9223372036854599584,
        "category": {
            "id": 0,
            "name": "string"
        },
        "name": "doggie",
        "photoUrls": [
            "string"
        ],
        "tags": [
            {
                "id": 0,
                "name": "string"
            }
        ],
        "status": "available"
    },
    {
        "id": 9223372036854599587,
        "category": {
            "id": 0,
            "name": "string"
        },
        "name": "doggie",
        "photoUrls": [
            "string"
        ],
        "tags": [
            {
                "id": 0,
                "name": "string"
            }
        ],
        "status": "available"
    },
    {
        "id": 99996,
        "name": "doggie_by_ms",
        "photoUrls": [
            "string"
        ],
        "tags": [
            {
                "id": 0,
                "name": "string"
            }
        ],
        "status": "available"
    },
    {
        "id": 9223372036854599589,
        "category": {
            "id": 0,
            "name": "string"
        },
        "name": "fish",
        "photoUrls": [
            "string"
        ],
        "tags": [
            {
                "id": 0,
                "name": "string"
            }
        ],
        "status": "available"
    },
    {
        "id": 9223372036854599592,
        "category": {
            "id": 0,
            "name": "string"
        },
        "name": "fish",
        "photoUrls": [
            "string"
        ],
        "tags": [
            {
                "id": 0,
                "name": "string"
            }
        ],
        "status": "available"
    },
    {
        "id": 9223372036854599611,
        "category": {
            "id": 0,
            "name": "string"
        },
        "name": "fish",
        "photoUrls": [
            "string"
        ],
        "tags": [
            {
                "id": 0,
                "name": "string"
            }
        ],
        "status": "available"
    },
    {
        "id": 9223372036854599633,
        "name": "doggie",
        "photoUrls": [
            "string"
        ],
        "tags": [
            
        ],
        "status": "available"
    },
    {
        "id": 9223372036854599634,
        "category": {
            "id": 0,
            "name": "string"
        },
        "name": "fish",
        "photoUrls": [
            "string"
        ],
        "tags": [
            {
                "id": 0,
                "name": "string"
            }
        ],
        "status": "available"
    },
    {
        "id": 9223372036854599635,
        "category": {
            "id": 0,
            "name": "string"
        },
        "name": "fish",
        "photoUrls": [
            "string"
        ],
        "tags": [
            {
                "id": 0,
                "name": "string"
            }
        ],
        "status": "available"
    },
    {
        "id": 9223372036854599636,
        "category": {
            "id": 0,
            "name": "string"
        },
        "name": "doggie",
        "photoUrls": [
            "string"
        ],
        "tags": [
            {
                "id": 0,
                "name": "string"
            }
        ],
        "status": "available"
    },
    {
        "id": 9223372036854599637,
        "category": {
            "id": 0,
            "name": "string"
        },
        "name": "doggie",
        "photoUrls": [
            "string"
        ],
        "tags": [
            {
                "id": 0,
                "name": "string"
            }
        ],
        "status": "available"
    },
    {
        "id": 9223372036854599638,
        "category": {
            "id": 0,
            "name": "string"
        },
        "name": "doggie",
        "photoUrls": [
            "string"
        ],
        "tags": [
            {
                "id": 0,
                "name": "string"
            }
        ],
        "status": "available"
    },
    {
        "id": 9223372036854599639,
        "category": {
            "id": 0,
            "name": "string"
        },
        "name": "Puff",
        "photoUrls": [
            "string"
        ],
        "tags": [
            {
                "id": 0,
                "name": "string"
            }
        ],
        "status": "available"
    },
    {
        "id": 9223372036854599642,
        "category": {
            "id": 0,
            "name": "string"
        },
        "name": "doggie",
        "photoUrls": [
            "string"
        ],
        "tags": [
            {
                "id": 0,
                "name": "string"
            }
        ],
        "status": "available"
    },
    {
        "id": 9223372036854599645,
        "category": {
            "id": 0,
            "name": "string"
        },
        "name": "doggie",
        "photoUrls": [
            "string"
        ],
        "tags": [
            {
                "id": 0,
                "name": "string"
            }
        ],
        "status": "available"
    },
    {
        "id": 368,
        "category": {
            "id": 1010,
            "name": "string"
        },
        "name": "Jacob Nienow",
        "photoUrls": [
            "string"
        ],
        "tags": [
            {
                "id": 0,
                "name": "string"
            }
        ],
        "status": "available"
    },
    {
        "id": 299,
        "category": {
            "id": 0,
            "name": "Arlo"
        },
        "name": "doggie",
        "photoUrls": [
            "string"
        ],
        "tags": [
            {
                "id": 0,
                "name": "string"
            }
        ],
        "status": "available"
    },
    {
        "id": 333,
        "category": {
            "id": 333,
            "name": "testcategory"
        },
        "name": "ttestdoggie",
        "photoUrls": [
            "string"
        ],
        "tags": [
            {
                "id": 33,
                "name": "testtag"
            }
        ],
        "status": "available"
    },
    {
        "id": 9223372036854599647,
        "category": {
            "id": 0,
            "name": "string"
        },
        "name": "fish",
        "photoUrls": [
            "string"
        ],
        "tags": [
            {
                "id": 0,
                "name": "string"
            }
        ],
        "status": "available"
    },
    {
        "id": 1245,
        "category": {
            "id": 1245,
            "name": "xyz"
        },
        "name": "xyz",
        "photoUrls": [
            "test"
        ],
        "tags": [
            
        ],
        "status": "available"
    },
    {
        "id": 9223372036854599648,
        "category": {
            "id": 0,
            "name": "string"
        },
        "name": "fish",
        "photoUrls": [
            "string"
        ],
        "tags": [
            {
                "id": 0,
                "name": "string"
            }
        ],
        "status": "available"
    },
    {
        "id": 9223372036854599650,
        "category": {
            "id": 0,
            "name": "string"
        },
        "name": "fish",
        "photoUrls": [
            "string"
        ],
        "tags": [
            {
                "id": 0,
                "name": "string"
            }
        ],
        "status": "available"
    },
    {
        "id": 9223372036854599651,
        "category": {
            "id": 0,
            "name": "string"
        },
        "name": "fish",
        "photoUrls": [
            "string"
        ],
        "tags": [
            {
                "id": 0,
                "name": "string"
            }
        ],
        "status": "available"
    },
    {
        "id": 921,
        "category": {
            "id": 1010,
            "name": "string"
        },
        "name": "Jimmie Ledner",
        "photoUrls": [
            "string"
        ],
        "tags": [
            {
                "id": 0,
                "name": "string"
            }
        ],
        "status": "available"
    },
    {
        "id": 9223372036854599663,
        "category": {
            "id": 0,
            "name": "Dove black"
        },
        "name": "Black home",
        "photoUrls": [
            "string"
        ],
        "tags": [
            
        ],
        "status": "available"
    },
    {
        "id": 9223372036854599670,
        "category": {
            "id": 0,
            "name": "Dove black"
        },
        "name": "Black home",
        "photoUrls": [
            "string"
        ],
        "tags": [
            
        ],
        "status": "available"
    },
    {
        "id": 9223372036854599675,
        "name": "Kitty",
        "photoUrls": [
            
        ],
        "tags": [
            
        ],
        "status": "available"
    },
    {
        "id": 9223372036854599723,
        "category": {
            "id": 0,
            "name": "string"
        },
        "name": "doggie",
        "photoUrls": [
            "string"
        ],
        "tags": [
            {
                "id": 0,
                "name": "string"
            }
        ],
        "status": "available"
    },
    {
        "id": 9223372036854599726,
        "category": {
            "id": 0,
            "name": "string"
        },
        "name": "fish",
        "photoUrls": [
            "string"
        ],
        "tags": [
            {
                "id": 0,
                "name": "string"
            }
        ],
        "status": "available"
    },
    {
        "id": 9223372036854599727,
        "category": {
            "id": 0,
            "name": "string"
        },
        "name": "fish",
        "photoUrls": [
            "string"
        ],
        "tags": [
            {
                "id": 0,
                "name": "string"
            }
        ],
        "status": "available"
    },
    {
        "id": 9223372036854599728,
        "category": {
            "id": 0,
            "name": "string"
        },
        "name": "doggie",
        "photoUrls": [
            "string"
        ],
        "tags": [
            {
                "id": 0,
                "name": "string"
            }
        ],
        "status": "available"
    },
    {
        "id": 9223372036854599729,
        "category": {
            "id": 0,
            "name": "string"
        },
        "name": "doggie",
        "photoUrls": [
            "string"
        ],
        "tags": [
            {
                "id": 0,
                "name": "string"
            }
        ],
        "status": "available"
    },
    {
        "id": 9223372036854599731,
        "category": {
            "id": 0,
            "name": "string"
        },
        "name": "doggie",
        "photoUrls": [
            "string"
        ],
        "tags": [
            {
                "id": 0,
                "name": "string"
            }
        ],
        "status": "available"
    },
    {
        "id": 9223372036854599732,
        "category": {
            "id": 0,
            "name": "string"
        },
        "name": "Puff",
        "photoUrls": [
            "string"
        ],
        "tags": [
            {
                "id": 0,
                "name": "string"
            }
        ],
        "status": "available"
    },
    {
        "id": 9223372036854599733,
        "category": {
            "id": 0,
            "name": "string"
        },
        "name": "doggie",
        "photoUrls": [
            "string"
        ],
        "tags": [
            {
                "id": 0,
                "name": "string"
            }
        ],
        "status": "available"
    },
    {
        "id": 9223372036854599739,
        "category": {
            "id": 0,
            "name": "string"
        },
        "name": "doggie",
        "photoUrls": [
            "string"
        ],
        "tags": [
            {
                "id": 0,
                "name": "string"
            }
        ],
        "status": "available"
    },
    {
        "id": 9223372036854599740,
        "category": {
            "id": 0,
            "name": "string"
        },
        "name": "fish",
        "photoUrls": [
            "string"
        ],
        "tags": [
            {
                "id": 0,
                "name": "string"
            }
        ],
        "status": "available"
    },
    {
        "id": 9223372036854599741,
        "category": {
            "id": 0,
            "name": "string"
        },
        "name": "doggie",
        "photoUrls": [
            "string"
        ],
        "tags": [
            {
                "id": 0,
                "name": "string"
            }
        ],
        "status": "available"
    },
    {
        "id": 9223372036854598383,
        "category": {
            "id": 0,
            "name": "string"
        },
        "name": "Roxi",
        "photoUrls": [
            "string"
        ],
        "tags": [
            {
                "id": 0,
                "name": "string"
            }
        ],
        "status": "available"
    },
    {
        "id": 9223372036854599749,
        "category": {
            "id": 0,
            "name": "string"
        },
        "name": "fish",
        "photoUrls": [
            "string"
        ],
        "tags": [
            {
                "id": 0,
                "name": "string"
            }
        ],
        "status": "available"
    },
    {
        "id": 55,
        "category": {
            "id": 0,
            "name": "string"
        },
        "name": "VssAdministrator",
        "photoUrls": [
            "string"
        ],
        "tags": [
            {
                "id": 0,
                "name": "string"
            }
        ],
        "status": "available"
    },
    {
        "id": 9223372036854599756,
        "category": {
            "id": 0,
            "name": "string"
        },
        "name": "doggie",
        "photoUrls": [
            "string"
        ],
        "tags": [
            {
                "id": 0,
                "name": "string"
            }
        ],
        "status": "available"
    },
    {
        "id": 9223372036854599758,
        "category": {
            "id": 0,
            "name": "string"
        },
        "name": "doggie",
        "photoUrls": [
            "string"
        ],
        "tags": [
            {
                "id": 0,
                "name": "string"
            }
        ],
        "status": "available"
    },
    {
        "id": 28032024,
        "category": {
            "id": 28032024,
            "name": "BagaPet"
        },
        "name": "Zhivotnoe",
        "photoUrls": [
            "string"
        ],
        "tags": [
            {
                "id": 28032024,
                "name": "Prismikaushee"
            }
        ],
        "status": "available"
    },
    {
        "id": 9223372036854599767,
        "category": {
            "id": 0,
            "name": "string"
        },
        "name": "fish",
        "photoUrls": [
            "string"
        ],
        "tags": [
            {
                "id": 0,
                "name": "string"
            }
        ],
        "status": "available"
    },
    {
        "id": 40,
        "category": {
            "id": 40,
            "name": "dog"
        },
        "name": "Торик",
        "photoUrls": [
            "string"
        ],
        "tags": [
            {
                "id": 40,
                "name": "toypuddle"
            }
        ],
        "status": "available"
    },
    {
        "id": 9223372036854599770,
        "category": {
            "id": 0,
            "name": "string"
        },
        "name": "doggie",
        "photoUrls": [
            "string"
        ],
        "tags": [
            {
                "id": 0,
                "name": "string"
            }
        ],
        "status": "available"
    },
    {
        "id": 9223372036854599775,
        "category": {
            "id": 0,
            "name": "string"
        },
        "name": "doggie",
        "photoUrls": [
            "string"
        ],
        "tags": [
            {
                "id": 0,
                "name": "string"
            }
        ],
        "status": "available"
    },
    {
        "id": 9223372036854599778,
        "category": {
            "id": 0,
            "name": "string"
        },
        "name": "fish",
        "photoUrls": [
            "string"
        ],
        "tags": [
            {
                "id": 0,
                "name": "string"
            }
        ],
        "status": "available"
    },
    {
        "id": 9223372036854599779,
        "category": {
            "id": 0,
            "name": "string"
        },
        "name": "doggie",
        "photoUrls": [
            "string"
        ],
        "tags": [
            {
                "id": 0,
                "name": "string"
            }
        ],
        "status": "available"
    },
    {
        "id": 9223372036854599780,
        "category": {
            "id": 0,
            "name": "string"
        },
        "name": "doggie",
        "photoUrls": [
            "string"
        ],
        "tags": [
            {
                "id": 0,
                "name": "string"
            }
        ],
        "status": "available"
    },
    {
        "id": 9223372036854599781,
        "category": {
            "id": 0,
            "name": "string"
        },
        "name": "fish",
        "photoUrls": [
            "string"
        ],
        "tags": [
            {
                "id": 0,
                "name": "string"
            }
        ],
        "status": "available"
    },
    {
        "id": 9223372036854599782,
        "category": {
            "id": 0,
            "name": "string"
        },
        "name": "Puff",
        "photoUrls": [
            "string"
        ],
        "tags": [
            {
                "id": 0,
                "name": "string"
            }
        ],
        "status": "available"
    },
    {
        "id": 9223372036854599784,
        "category": {
            "id": 0,
            "name": "string"
        },
        "name": "doggie",
        "photoUrls": [
            "string"
        ],
        "tags": [
            {
                "id": 0,
[...]
            "string"
        ],
        "tags": [
            {
                "id": 0,
                "name": "string"
            }
        ],
        "status": "available"
    },
    {
        "id": 127,
        "category": {
            "id": 1,
            "name": "cats"
        },
        "name": "darling kitty",
        "photoUrls": [
            "https://www.google.com/url?sa=i&url=https%3A%2F%2Fwww.pinterest.com%2Fmarinaprima9963%2F%25D0%25BA%25D0%25B8%25D1%2582%25D0%25B8%2F&psig=AOvVaw3riFn44lDPNG-AqBbWdqG5&ust=1711975400886000&source=images&cd=vfe&opi=89978449&ved=0CBIQjRxqFwoTCJDqzMPDnoUDFQAAAAAdAAAAABAE"
        ],
        "tags": [
            {
                "id": 1,
                "name": "kittens"
            }
        ],
        "status": "available"
    },
    {
        "id": 9223372036854600373,
        "category": {
            "id": 0,
            "name": "string"
        },
        "name": "doggie",
        "photoUrls": [
            "string"
        ],
        "tags": [
            {
                "id": 0,
                "name": "string"
            }
        ],
        "status": "available"
    }
]
]]></system-out>
  </testcase>
  <testcase name="Pet_Post" classname="apiTests.PetTests" time="1.538">
    <system-out><![CDATA[Request method:	DELETE
Request URI:	https://petstore.swagger.io/v2/pet/89296
Proxy:			<none>
Request params:	<none>
Query params:	<none>
Form params:	<none>
Path params:	<none>
Headers:		Accept=*/*
				Content-Type=application/json
Cookies:		<none>
Multiparts:		<none>
Body:			<none>
HTTP/1.1 404 Not Found
Date: Mon, 01 Apr 2024 13:27:09 GMT
Content-Length: 0
Connection: keep-alive
Access-Control-Allow-Origin: *
Access-Control-Allow-Methods: GET, POST, DELETE, PUT
Access-Control-Allow-Headers: Content-Type, api_key, Authorization
Server: Jetty(9.2.9.v20150224)
Request method:	POST
Request URI:	https://petstore.swagger.io/v2/pet
Proxy:			<none>
Request params:	<none>
Query params:	<none>
Form params:	<none>
Path params:	<none>
Headers:		Accept=*/*
				Content-Type=application/json
Cookies:		<none>
Multiparts:		<none>
Body:
{
    "category": {
        "name": "Test_Pet_Details1000",
        "id": 87886.0
    },
    "name": "Test_Pet1000",
    "id": 63931,
    "status": "available",
    "tags": [
        {
            "name": "Test_Pet_Details1000",
            "id": 87886.0
        }
    ],
    "photoUrls": [
        "Test_Pet_Details1000"
    ]
}
HTTP/1.1 200 OK
Date: Mon, 01 Apr 2024 13:27:10 GMT
Content-Type: application/json
Transfer-Encoding: chunked
Connection: keep-alive
Access-Control-Allow-Origin: *
Access-Control-Allow-Methods: GET, POST, DELETE, PUT
Access-Control-Allow-Headers: Content-Type, api_key, Authorization
Server: Jetty(9.2.9.v20150224)

{
    "id": 63931,
    "category": {
        "id": 87886,
        "name": "Test_Pet_Details1000"
    },
    "name": "Test_Pet1000",
    "photoUrls": [
        "Test_Pet_Details1000"
    ],
    "tags": [
        {
            "id": 87886,
            "name": "Test_Pet_Details1000"
        }
    ],
    "status": "available"
}
{
    "id": 63931,
    "category": {
        "id": 87886,
        "name": "Test_Pet_Details1000"
    },
    "name": "Test_Pet1000",
    "photoUrls": [
        "Test_Pet_Details1000"
    ],
    "tags": [
        {
            "id": 87886,
            "name": "Test_Pet_Details1000"
        }
    ],
    "status": "available"
}
]]></system-out>
  </testcase>
  <testcase name="Pet_Post_Error" classname="apiTests.PetTests" time="1.432">
    <system-out><![CDATA[Request method:	DELETE
Request URI:	https://petstore.swagger.io/v2/pet/89296
Proxy:			<none>
Request params:	<none>
Query params:	<none>
Form params:	<none>
Path params:	<none>
Headers:		Accept=*/*
				Content-Type=application/json
Cookies:		<none>
Multiparts:		<none>
Body:			<none>
HTTP/1.1 404 Not Found
Date: Mon, 01 Apr 2024 13:27:12 GMT
Content-Length: 0
Connection: keep-alive
Access-Control-Allow-Origin: *
Access-Control-Allow-Methods: GET, POST, DELETE, PUT
Access-Control-Allow-Headers: Content-Type, api_key, Authorization
Server: Jetty(9.2.9.v20150224)
Request method:	DELETE
Request URI:	https://petstore.swagger.io/v2/pet/63931
Proxy:			<none>
Request params:	<none>
Query params:	<none>
Form params:	<none>
Path params:	<none>
Headers:		Accept=*/*
				Content-Type=application/json
Cookies:		<none>
Multiparts:		<none>
Body:			<none>
HTTP/1.1 200 OK
Date: Mon, 01 Apr 2024 13:27:13 GMT
Content-Type: application/json
Transfer-Encoding: chunked
Connection: keep-alive
Access-Control-Allow-Origin: *
Access-Control-Allow-Methods: GET, POST, DELETE, PUT
Access-Control-Allow-Headers: Content-Type, api_key, Authorization
Server: Jetty(9.2.9.v20150224)

{
    "code": 200,
    "type": "unknown",
    "message": "63931"
}
Request method:	POST
Request URI:	https://petstore.swagger.io/v2/pet
Proxy:			<none>
Request params:	<none>
Query params:	<none>
Form params:	<none>
Path params:	<none>
Headers:		Accept=*/*
				Content-Type=application/json
Cookies:		<none>
Multiparts:		<none>
Body:
HTTP/1.1 405 Method Not Allowed
Date: Mon, 01 Apr 2024 13:27:15 GMT
Content-Type: application/json
Transfer-Encoding: chunked
Connection: keep-alive
Access-Control-Allow-Origin: *
Access-Control-Allow-Methods: GET, POST, DELETE, PUT
Access-Control-Allow-Headers: Content-Type, api_key, Authorization
Server: Jetty(9.2.9.v20150224)

{
    "code": 405,
    "type": "unknown",
    "message": "no data"
}
{
    "code": 405,
    "type": "unknown",
    "message": "no data"
}
]]></system-out>
  </testcase>
  <testcase name="Pet_Post_Image" classname="apiTests.PetTests" time="4.386">
    <system-out><![CDATA[Request method:	DELETE
Request URI:	https://petstore.swagger.io/v2/pet/89296
Proxy:			<none>
Request params:	<none>
Query params:	<none>
Form params:	<none>
Path params:	<none>
Headers:		Accept=*/*
				Content-Type=application/json
Cookies:		<none>
Multiparts:		<none>
Body:			<none>
HTTP/1.1 404 Not Found
Date: Mon, 01 Apr 2024 13:27:16 GMT
Content-Length: 0
Connection: keep-alive
Access-Control-Allow-Origin: *
Access-Control-Allow-Methods: GET, POST, DELETE, PUT
Access-Control-Allow-Headers: Content-Type, api_key, Authorization
Server: Jetty(9.2.9.v20150224)
Request method:	DELETE
Request URI:	https://petstore.swagger.io/v2/pet/63931
Proxy:			<none>
Request params:	<none>
Query params:	<none>
Form params:	<none>
Path params:	<none>
Headers:		Accept=*/*
				Content-Type=application/json
Cookies:		<none>
Multiparts:		<none>
Body:			<none>
HTTP/1.1 404 Not Found
Date: Mon, 01 Apr 2024 13:27:18 GMT
Content-Length: 0
Connection: keep-alive
Access-Control-Allow-Origin: *
Access-Control-Allow-Methods: GET, POST, DELETE, PUT
Access-Control-Allow-Headers: Content-Type, api_key, Authorization
Server: Jetty(9.2.9.v20150224)
Request method:	POST
Request URI:	https://petstore.swagger.io/v2/pet
Proxy:			<none>
Request params:	<none>
Query params:	<none>
Form params:	<none>
Path params:	<none>
Headers:		Accept=*/*
				Content-Type=application/json
Cookies:		<none>
Multiparts:		<none>
Body:
{
    "category": {
        "name": "Test_Pet_Details1000",
        "id": 75115.0
    },
    "name": "Test_Pet1000",
    "id": 60111,
    "status": "available",
    "tags": [
        {
            "name": "Test_Pet_Details1000",
            "id": 75115.0
        }
    ],
    "photoUrls": [
        "Test_Pet_Details1000"
    ]
}
HTTP/1.1 200 OK
Date: Mon, 01 Apr 2024 13:27:19 GMT
Content-Type: application/json
Transfer-Encoding: chunked
Connection: keep-alive
Access-Control-Allow-Origin: *
Access-Control-Allow-Methods: GET, POST, DELETE, PUT
Access-Control-Allow-Headers: Content-Type, api_key, Authorization
Server: Jetty(9.2.9.v20150224)

{
    "id": 60111,
    "category": {
        "id": 75115,
        "name": "Test_Pet_Details1000"
    },
    "name": "Test_Pet1000",
    "photoUrls": [
        "Test_Pet_Details1000"
    ],
    "tags": [
        {
            "id": 75115,
            "name": "Test_Pet_Details1000"
        }
    ],
    "status": "available"
}
{
    "id": 60111,
    "category": {
        "id": 75115,
        "name": "Test_Pet_Details1000"
    },
    "name": "Test_Pet1000",
    "photoUrls": [
        "Test_Pet_Details1000"
    ],
    "tags": [
        {
            "id": 75115,
            "name": "Test_Pet_Details1000"
        }
    ],
    "status": "available"
}
Request method:	POST
Request URI:	https://petstore.swagger.io/v2/pet/60111/uploadImage
Proxy:			<none>
Request params:	additionalMetadata=UploadImage
Query params:	<none>
Form params:	<none>
Path params:	<none>
Headers:		Accept=*/*
				Content-Type=multipart/form-data
Cookies:		<none>
Multiparts:		------------
				Content-Disposition: form-data; name = file; filename = Dog.jpeg
				Content-Type: application/octet-stream

				C:\Harish-Automation\cbaAPIAssesment\Images\Dog.jpeg
Body:			<none>
HTTP/1.1 200 OK
Date: Mon, 01 Apr 2024 13:27:22 GMT
Content-Type: application/json
Transfer-Encoding: chunked
Connection: keep-alive
Access-Control-Allow-Origin: *
Access-Control-Allow-Methods: GET, POST, DELETE, PUT
Access-Control-Allow-Headers: Content-Type, api_key, Authorization
Server: Jetty(9.2.9.v20150224)

{
    "code": 200,
    "type": "unknown",
    "message": "additionalMetadata: UploadImage\nFile uploaded to ./Dog.jpeg, 169260 bytes"
}
{
    "code": 200,
    "type": "unknown",
    "message": "additionalMetadata: UploadImage\nFile uploaded to ./Dog.jpeg, 169260 bytes"
}
]]></system-out>
  </testcase>
  <testcase name="Pet_Post_Update" classname="apiTests.PetTests" time="4.2">
    <system-out><![CDATA[Request method:	DELETE
Request URI:	https://petstore.swagger.io/v2/pet/89296
Proxy:			<none>
Request params:	<none>
Query params:	<none>
Form params:	<none>
Path params:	<none>
Headers:		Accept=*/*
				Content-Type=application/json
Cookies:		<none>
Multiparts:		<none>
Body:			<none>
HTTP/1.1 404 Not Found
Date: Mon, 01 Apr 2024 13:27:23 GMT
Content-Length: 0
Connection: keep-alive
Access-Control-Allow-Origin: *
Access-Control-Allow-Methods: GET, POST, DELETE, PUT
Access-Control-Allow-Headers: Content-Type, api_key, Authorization
Server: Jetty(9.2.9.v20150224)
Request method:	DELETE
Request URI:	https://petstore.swagger.io/v2/pet/63931
Proxy:			<none>
Request params:	<none>
Query params:	<none>
Form params:	<none>
Path params:	<none>
Headers:		Accept=*/*
				Content-Type=application/json
Cookies:		<none>
Multiparts:		<none>
Body:			<none>
HTTP/1.1 404 Not Found
Date: Mon, 01 Apr 2024 13:27:25 GMT
Content-Length: 0
Connection: keep-alive
Access-Control-Allow-Origin: *
Access-Control-Allow-Methods: GET, POST, DELETE, PUT
Access-Control-Allow-Headers: Content-Type, api_key, Authorization
Server: Jetty(9.2.9.v20150224)
Request method:	DELETE
Request URI:	https://petstore.swagger.io/v2/pet/60111
Proxy:			<none>
Request params:	<none>
Query params:	<none>
Form params:	<none>
Path params:	<none>
Headers:		Accept=*/*
				Content-Type=application/json
Cookies:		<none>
Multiparts:		<none>
Body:			<none>
HTTP/1.1 200 OK
Date: Mon, 01 Apr 2024 13:27:26 GMT
Content-Type: application/json
Transfer-Encoding: chunked
Connection: keep-alive
Access-Control-Allow-Origin: *
Access-Control-Allow-Methods: GET, POST, DELETE, PUT
Access-Control-Allow-Headers: Content-Type, api_key, Authorization
Server: Jetty(9.2.9.v20150224)

{
    "code": 200,
    "type": "unknown",
    "message": "60111"
}
Request method:	POST
Request URI:	https://petstore.swagger.io/v2/pet
Proxy:			<none>
Request params:	<none>
Query params:	<none>
Form params:	<none>
Path params:	<none>
Headers:		Accept=*/*
				Content-Type=application/json
Cookies:		<none>
Multiparts:		<none>
Body:
{
    "category": {
        "name": "Test_Pet_Details1000",
        "id": 79144.0
    },
    "name": "Test_Pet1000",
    "id": 51183,
    "status": "available",
    "tags": [
        {
            "name": "Test_Pet_Details1000",
            "id": 79144.0
        }
    ],
    "photoUrls": [
        "Test_Pet_Details1000"
    ]
}
HTTP/1.1 200 OK
Date: Mon, 01 Apr 2024 13:27:27 GMT
Content-Type: application/json
Transfer-Encoding: chunked
Connection: keep-alive
Access-Control-Allow-Origin: *
Access-Control-Allow-Methods: GET, POST, DELETE, PUT
Access-Control-Allow-Headers: Content-Type, api_key, Authorization
Server: Jetty(9.2.9.v20150224)

{
    "id": 51183,
    "category": {
        "id": 79144,
        "name": "Test_Pet_Details1000"
    },
    "name": "Test_Pet1000",
    "photoUrls": [
        "Test_Pet_Details1000"
    ],
    "tags": [
        {
            "id": 79144,
            "name": "Test_Pet_Details1000"
        }
    ],
    "status": "available"
}
{
    "id": 51183,
    "category": {
        "id": 79144,
        "name": "Test_Pet_Details1000"
    },
    "name": "Test_Pet1000",
    "photoUrls": [
        "Test_Pet_Details1000"
    ],
    "tags": [
        {
            "id": 79144,
            "name": "Test_Pet_Details1000"
        }
    ],
    "status": "available"
}
Request method:	POST
Request URI:	https://petstore.swagger.io/v2/pet/51183
Proxy:			<none>
Request params:	<none>
Query params:	<none>
Form params:	name=UpdatedName
				status=UpdatedStatus
Path params:	<none>
Headers:		Accept=*/*
				Content-Type=application/x-www-form-urlencoded; charset=ISO-8859-1
Cookies:		<none>
Multiparts:		<none>
Body:			<none>
HTTP/1.1 200 OK
Date: Mon, 01 Apr 2024 13:27:29 GMT
Content-Type: application/json
Transfer-Encoding: chunked
Connection: keep-alive
Access-Control-Allow-Origin: *
Access-Control-Allow-Methods: GET, POST, DELETE, PUT
Access-Control-Allow-Headers: Content-Type, api_key, Authorization
Server: Jetty(9.2.9.v20150224)

{
    "code": 200,
    "type": "unknown",
    "message": "51183"
}
{
    "code": 200,
    "type": "unknown",
    "message": "51183"
}
Request method:	GET
Request URI:	https://petstore.swagger.io/v2/pet/51183
Proxy:			<none>
Request params:	<none>
Query params:	<none>
Form params:	<none>
Path params:	<none>
Headers:		Accept=*/*
				Content-Type=application/json
Cookies:		<none>
Multiparts:		<none>
Body:			<none>
HTTP/1.1 200 OK
Date: Mon, 01 Apr 2024 13:27:30 GMT
Content-Type: application/json
Transfer-Encoding: chunked
Connection: keep-alive
Access-Control-Allow-Origin: *
Access-Control-Allow-Methods: GET, POST, DELETE, PUT
Access-Control-Allow-Headers: Content-Type, api_key, Authorization
Server: Jetty(9.2.9.v20150224)

{
    "id": 51183,
    "category": {
        "id": 79144,
        "name": "Test_Pet_Details1000"
    },
    "name": "UpdatedName",
    "photoUrls": [
        "Test_Pet_Details1000"
    ],
    "tags": [
        {
            "id": 79144,
            "name": "Test_Pet_Details1000"
        }
    ],
    "status": "UpdatedStatus"
}
{
    "id": 51183,
    "category": {
        "id": 79144,
        "name": "Test_Pet_Details1000"
    },
    "name": "UpdatedName",
    "photoUrls": [
        "Test_Pet_Details1000"
    ],
    "tags": [
        {
            "id": 79144,
            "name": "Test_Pet_Details1000"
        }
    ],
    "status": "UpdatedStatus"
}
]]></system-out>
  </testcase>
  <testcase name="Pet_Put" classname="apiTests.PetTests" time="3.044">
    <system-out><![CDATA[Request method:	DELETE
Request URI:	https://petstore.swagger.io/v2/pet/89296
Proxy:			<none>
Request params:	<none>
Query params:	<none>
Form params:	<none>
Path params:	<none>
Headers:		Accept=*/*
				Content-Type=application/json
Cookies:		<none>
Multiparts:		<none>
Body:			<none>
HTTP/1.1 404 Not Found
Date: Mon, 01 Apr 2024 13:27:32 GMT
Content-Length: 0
Connection: keep-alive
Access-Control-Allow-Origin: *
Access-Control-Allow-Methods: GET, POST, DELETE, PUT
Access-Control-Allow-Headers: Content-Type, api_key, Authorization
Server: Jetty(9.2.9.v20150224)
Request method:	DELETE
Request URI:	https://petstore.swagger.io/v2/pet/63931
Proxy:			<none>
Request params:	<none>
Query params:	<none>
Form params:	<none>
Path params:	<none>
Headers:		Accept=*/*
				Content-Type=application/json
Cookies:		<none>
Multiparts:		<none>
Body:			<none>
HTTP/1.1 404 Not Found
Date: Mon, 01 Apr 2024 13:27:33 GMT
Content-Length: 0
Connection: keep-alive
Access-Control-Allow-Origin: *
Access-Control-Allow-Methods: GET, POST, DELETE, PUT
Access-Control-Allow-Headers: Content-Type, api_key, Authorization
Server: Jetty(9.2.9.v20150224)
Request method:	DELETE
Request URI:	https://petstore.swagger.io/v2/pet/60111
Proxy:			<none>
Request params:	<none>
Query params:	<none>
Form params:	<none>
Path params:	<none>
Headers:		Accept=*/*
				Content-Type=application/json
Cookies:		<none>
Multiparts:		<none>
Body:			<none>
HTTP/1.1 404 Not Found
Date: Mon, 01 Apr 2024 13:27:35 GMT
Content-Length: 0
Connection: keep-alive
Access-Control-Allow-Origin: *
Access-Control-Allow-Methods: GET, POST, DELETE, PUT
Access-Control-Allow-Headers: Content-Type, api_key, Authorization
Server: Jetty(9.2.9.v20150224)
Request method:	POST
Request URI:	https://petstore.swagger.io/v2/pet
Proxy:			<none>
Request params:	<none>
Query params:	<none>
Form params:	<none>
Path params:	<none>
Headers:		Accept=*/*
				Content-Type=application/json
Cookies:		<none>
Multiparts:		<none>
Body:
{
    "category": {
        "name": "Test_Pet_Details1000",
        "id": 54280.0
    },
    "name": "Test_Pet1000",
    "id": 84731,
    "status": "available",
    "tags": [
        {
            "name": "Test_Pet_Details1000",
            "id": 54280.0
        }
    ],
    "photoUrls": [
        "Test_Pet_Details1000"
    ]
}
HTTP/1.1 200 OK
Date: Mon, 01 Apr 2024 13:27:36 GMT
Content-Type: application/json
Transfer-Encoding: chunked
Connection: keep-alive
Access-Control-Allow-Origin: *
Access-Control-Allow-Methods: GET, POST, DELETE, PUT
Access-Control-Allow-Headers: Content-Type, api_key, Authorization
Server: Jetty(9.2.9.v20150224)

{
    "id": 84731,
    "category": {
        "id": 54280,
        "name": "Test_Pet_Details1000"
    },
    "name": "Test_Pet1000",
    "photoUrls": [
        "Test_Pet_Details1000"
    ],
    "tags": [
        {
            "id": 54280,
            "name": "Test_Pet_Details1000"
        }
    ],
    "status": "available"
}
{
    "id": 84731,
    "category": {
        "id": 54280,
        "name": "Test_Pet_Details1000"
    },
    "name": "Test_Pet1000",
    "photoUrls": [
        "Test_Pet_Details1000"
    ],
    "tags": [
        {
            "id": 54280,
            "name": "Test_Pet_Details1000"
        }
    ],
    "status": "available"
}
Request method:	PUT
Request URI:	https://petstore.swagger.io/v2/pet
Proxy:			<none>
Request params:	<none>
Query params:	<none>
Form params:	<none>
Path params:	<none>
Headers:		Accept=*/*
				Content-Type=application/json
Cookies:		<none>
Multiparts:		<none>
Body:
{
    "category": {
        "name": "Test_Pet_Details1000",
        "id": 54280.0
    },
    "name": "ChangedName",
    "id": 84731,
    "status": "available",
    "tags": [
        {
            "name": "Test_Pet_Details1000",
            "id": 54280.0
        }
    ],
    "photoUrls": [
        "Test_Pet_Details1000"
    ]
}
HTTP/1.1 200 OK
Date: Mon, 01 Apr 2024 13:27:38 GMT
Content-Type: application/json
Transfer-Encoding: chunked
Connection: keep-alive
Access-Control-Allow-Origin: *
Access-Control-Allow-Methods: GET, POST, DELETE, PUT
Access-Control-Allow-Headers: Content-Type, api_key, Authorization
Server: Jetty(9.2.9.v20150224)

{
    "id": 84731,
    "category": {
        "id": 54280,
        "name": "Test_Pet_Details1000"
    },
    "name": "ChangedName",
    "photoUrls": [
        "Test_Pet_Details1000"
    ],
    "tags": [
        {
            "id": 54280,
            "name": "Test_Pet_Details1000"
        }
    ],
    "status": "available"
}
{
    "id": 84731,
    "category": {
        "id": 54280,
        "name": "Test_Pet_Details1000"
    },
    "name": "ChangedName",
    "photoUrls": [
        "Test_Pet_Details1000"
    ],
    "tags": [
        {
            "id": 54280,
            "name": "Test_Pet_Details1000"
        }
    ],
    "status": "available"
}
]]></system-out>
  </testcase>
</testsuite>