<?xml version="1.0" encoding="UTF-8"?>
<testng-results ignored="9" total="10" passed="1" failed="0" skipped="0">
  <reporter-output>
  </reporter-output>
  <suite started-at="2024-04-08T12:54:37 IST" name="Default suite" finished-at="2024-04-08T12:54:45 IST" duration-ms="7378">
    <groups>
      <group name="Regression">
        <method signature="PetTests.Pet_Post_Image()[pri:0, instance:apiTests.PetTests@58695725]" name="Pet_Post_Image" class="apiTests.PetTests"/>
      </group> <!-- Regression -->
      <group name="Smoke">
        <method signature="PetTests.Pet_Post_Image()[pri:0, instance:apiTests.PetTests@58695725]" name="Pet_Post_Image" class="apiTests.PetTests"/>
      </group> <!-- Smoke -->
    </groups>
    <test started-at="2024-04-08T12:54:37 IST" name="Default test" finished-at="2024-04-08T12:54:45 IST" duration-ms="7378">
      <class name="apiTests.PetTests">
        <test-method is-config="true" signature="setUp()[pri:0, instance:apiTests.PetTests@58695725]" started-at="2024-04-08T12:54:37 IST" name="setUp" finished-at="2024-04-08T12:54:37 IST" duration-ms="10" status="PASS">
          <reporter-output>
          </reporter-output>
        </test-method> <!-- setUp -->
        <test-method is-config="true" signature="setUpTest()[pri:0, instance:apiTests.PetTests@58695725]" started-at="2024-04-08T12:54:37 IST" name="setUpTest" finished-at="2024-04-08T12:54:38 IST" duration-ms="238" status="PASS">
          <reporter-output>
          </reporter-output>
        </test-method> <!-- setUpTest -->
        <test-method is-config="true" signature="setUp(org.testng.ITestContext,java.lang.reflect.Method)[pri:0, instance:apiTests.PetTests@58695725]" started-at="2024-04-08T12:54:38 IST" name="setUp" finished-at="2024-04-08T12:54:38 IST" duration-ms="4" status="PASS">
          <params>
            <param index="0">
              <value>
                <![CDATA[org.testng.TestRunner@33bdd01]]>
              </value>
            </param>
            <param index="1">
              <value>
                <![CDATA[private void apiTests.PetTests.Pet_Post_Image() throws java.io.FileNotFoundException]]>
              </value>
            </param>
          </params>
          <reporter-output>
          </reporter-output>
        </test-method> <!-- setUp -->
        <test-method signature="Pet_Post_Image()[pri:0, instance:apiTests.PetTests@58695725]" started-at="2024-04-08T12:54:38 IST" name="Pet_Post_Image" finished-at="2024-04-08T12:54:43 IST" duration-ms="5526" status="PASS">
          <reporter-output>
          </reporter-output>
        </test-method> <!-- Pet_Post_Image -->
        <test-method is-config="true" signature="cleanUp(org.testng.ITestResult)[pri:0, instance:apiTests.PetTests@58695725]" started-at="2024-04-08T12:54:43 IST" name="cleanUp" finished-at="2024-04-08T12:54:45 IST" duration-ms="1342" status="PASS">
          <params>
            <param index="0">
              <value>
                <![CDATA[[TestResult name=Pet_Post_Image status=SUCCESS method=PetTests.Pet_Post_Image()[pri:0, instance:apiTests.PetTests@58695725] output={null}]]]>
              </value>
            </param>
          </params>
          <reporter-output>
          </reporter-output>
        </test-method> <!-- cleanUp -->
        <test-method is-config="true" signature="cleanUpTest()[pri:0, instance:apiTests.PetTests@58695725]" started-at="2024-04-08T12:54:45 IST" name="cleanUpTest" finished-at="2024-04-08T12:54:45 IST" duration-ms="237" status="PASS">
          <reporter-output>
          </reporter-output>
        </test-method> <!-- cleanUpTest -->
      </class> <!-- apiTests.PetTests -->
    </test> <!-- Default test -->
  </suite> <!-- Default suite -->
</testng-results>
